2023-06-11 13:47:50,895 [INFO   ] [APP] autotrader3 started with arguments={rtg.py, run, autotrader2.py, autotrader3.py}
2023-06-11 13:47:50,895 [INFO   ] [APP] configuration={"Execution":{"Host":"127.0.0.1","Port":12345},"Information":{"Type":"mmap","Name":"info.dat"},"TeamName":"Autotrader 3","Secret":"secret"}
2023-06-11 13:47:50,906 [INFO   ] [CONNECTION] fd=756 connection established: peer=127.0.0.1:12345
2023-06-11 13:47:55,898 [INFO   ] [TRADER] received order book for instrument 0 with sequence number 1
2023-06-11 13:47:55,898 [INFO   ] [TRADER] received order book for instrument 1 with sequence number 1
2023-06-11 13:47:56,198 [INFO   ] [TRADER] received order book for instrument 0 with sequence number 2
2023-06-11 13:47:56,198 [INFO   ] [TRADER] received order book for instrument 1 with sequence number 2
2023-06-11 13:47:56,199 [INFO   ] [TRADER] received trade ticks for instrument 0 with sequence number 2
2023-06-11 13:47:56,421 [INFO   ] [TRADER] received order book for instrument 0 with sequence number 3
2023-06-11 13:47:56,421 [INFO   ] [TRADER] received order book for instrument 1 with sequence number 3
2023-06-11 13:47:56,676 [INFO   ] [TRADER] received order book for instrument 0 with sequence number 4
2023-06-11 13:47:56,677 [INFO   ] [TRADER] received order book for instrument 1 with sequence number 4
2023-06-11 13:47:56,679 [INFO   ] [TRADER] received trade ticks for instrument 1 with sequence number 2
2023-06-11 13:47:56,909 [INFO   ] [TRADER] received order book for instrument 0 with sequence number 5
2023-06-11 13:47:56,909 [INFO   ] [TRADER] received order book for instrument 1 with sequence number 5
2023-06-11 13:47:56,909 [INFO   ] [TRADER] received trade ticks for instrument 1 with sequence number 3
2023-06-11 13:47:57,158 [INFO   ] [TRADER] received order book for instrument 0 with sequence number 6
2023-06-11 13:47:57,158 [INFO   ] [TRADER] received order book for instrument 1 with sequence number 6
2023-06-11 13:47:57,427 [INFO   ] [TRADER] received order book for instrument 0 with sequence number 7
2023-06-11 13:47:57,428 [INFO   ] [TRADER] received order book for instrument 1 with sequence number 7
2023-06-11 13:47:57,428 [INFO   ] [TRADER] received trade ticks for instrument 0 with sequence number 3
2023-06-11 13:47:57,430 [INFO   ] [TRADER] received trade ticks for instrument 1 with sequence number 4
2023-06-11 13:47:57,670 [INFO   ] [TRADER] received order book for instrument 0 with sequence number 8
2023-06-11 13:47:57,670 [INFO   ] [TRADER] received order book for instrument 1 with sequence number 8
2023-06-11 13:47:57,938 [INFO   ] [TRADER] received order book for instrument 0 with sequence number 9
2023-06-11 13:47:57,938 [INFO   ] [TRADER] received order book for instrument 1 with sequence number 9
2023-06-11 13:47:57,938 [INFO   ] [TRADER] received trade ticks for instrument 0 with sequence number 4
2023-06-11 13:47:57,940 [INFO   ] [TRADER] received trade ticks for instrument 1 with sequence number 5
2023-06-11 13:47:58,158 [INFO   ] [TRADER] received order book for instrument 0 with sequence number 10
2023-06-11 13:47:58,158 [INFO   ] [TRADER] received order book for instrument 1 with sequence number 10
2023-06-11 13:47:58,158 [INFO   ] [TRADER] received trade ticks for instrument 1 with sequence number 6
2023-06-11 13:47:58,160 [INFO   ] [TRADER] received trade ticks for instrument 1 with sequence number 7
2023-06-11 13:47:58,417 [INFO   ] [TRADER] received order book for instrument 0 with sequence number 11
2023-06-11 13:47:58,417 [INFO   ] [TRADER] received order book for instrument 1 with sequence number 11
2023-06-11 13:47:58,419 [INFO   ] [TRADER] received trade ticks for instrument 1 with sequence number 8
2023-06-11 13:47:58,672 [INFO   ] [TRADER] received order book for instrument 0 with sequence number 12
2023-06-11 13:47:58,673 [INFO   ] [TRADER] received order book for instrument 1 with sequence number 12
2023-06-11 13:47:58,673 [INFO   ] [TRADER] received trade ticks for instrument 1 with sequence number 9
2023-06-11 13:47:58,941 [INFO   ] [TRADER] received order book for instrument 0 with sequence number 13
2023-06-11 13:47:58,941 [INFO   ] [TRADER] received order book for instrument 1 with sequence number 13
2023-06-11 13:47:58,941 [INFO   ] [TRADER] received trade ticks for instrument 1 with sequence number 10
2023-06-11 13:47:58,942 [INFO   ] [TRADER] received trade ticks for instrument 0 with sequence number 5
2023-06-11 13:47:58,945 [INFO   ] [TRADER] received trade ticks for instrument 1 with sequence number 11
2023-06-11 13:47:59,173 [INFO   ] [TRADER] received order book for instrument 0 with sequence number 14
2023-06-11 13:47:59,175 [INFO   ] [TRADER] received order book for instrument 1 with sequence number 14
2023-06-11 13:47:59,175 [INFO   ] [TRADER] received trade ticks for instrument 0 with sequence number 6
2023-06-11 13:47:59,411 [INFO   ] [TRADER] received order book for instrument 0 with sequence number 15
2023-06-11 13:47:59,411 [INFO   ] [TRADER] received order book for instrument 1 with sequence number 15
2023-06-11 13:47:59,413 [INFO   ] [TRADER] received trade ticks for instrument 1 with sequence number 12
2023-06-11 13:47:59,659 [INFO   ] [TRADER] received order book for instrument 0 with sequence number 16
2023-06-11 13:47:59,660 [INFO   ] [TRADER] received order book for instrument 1 with sequence number 16
2023-06-11 13:47:59,662 [INFO   ] [TRADER] received trade ticks for instrument 1 with sequence number 13
2023-06-11 13:47:59,913 [INFO   ] [TRADER] received order book for instrument 0 with sequence number 17
2023-06-11 13:47:59,915 [INFO   ] [TRADER] received order book for instrument 1 with sequence number 17
2023-06-11 13:47:59,915 [INFO   ] [TRADER] received trade ticks for instrument 0 with sequence number 7
2023-06-11 13:48:00,161 [INFO   ] [TRADER] received order book for instrument 0 with sequence number 18
2023-06-11 13:48:00,161 [INFO   ] [TRADER] received order book for instrument 1 with sequence number 18
2023-06-11 13:48:00,162 [INFO   ] [TRADER] received trade ticks for instrument 1 with sequence number 14
2023-06-11 13:48:00,162 [INFO   ] [TRADER] received trade ticks for instrument 0 with sequence number 8
2023-06-11 13:48:00,162 [INFO   ] [TRADER] received trade ticks for instrument 1 with sequence number 15
2023-06-11 13:48:00,405 [INFO   ] [TRADER] received order book for instrument 0 with sequence number 19
2023-06-11 13:48:00,405 [INFO   ] [TRADER] received order book for instrument 1 with sequence number 19
2023-06-11 13:48:00,406 [INFO   ] [TRADER] received trade ticks for instrument 1 with sequence number 16
2023-06-11 13:48:31,192 [INFO   ] [APP] autotrader3 started with arguments={rtg.py, run, autotrader2.py, autotrader3.py}
2023-06-11 13:48:31,192 [INFO   ] [APP] configuration={"Execution":{"Host":"127.0.0.1","Port":12345},"Information":{"Type":"mmap","Name":"info.dat"},"TeamName":"Autotrader 3","Secret":"secret"}
2023-06-11 13:48:31,202 [INFO   ] [CONNECTION] fd=660 connection established: peer=127.0.0.1:12345
2023-06-11 13:48:36,185 [INFO   ] [TRADER] received order book for instrument 0 with sequence number 1
2023-06-11 13:48:36,185 [INFO   ] [TRADER] received order book for instrument 1 with sequence number 1
2023-06-11 13:48:36,475 [INFO   ] [TRADER] received order book for instrument 0 with sequence number 2
2023-06-11 13:48:36,475 [INFO   ] [TRADER] received order book for instrument 1 with sequence number 2
2023-06-11 13:48:36,476 [INFO   ] [TRADER] received trade ticks for instrument 0 with sequence number 2
2023-06-11 13:48:36,695 [INFO   ] [TRADER] received order book for instrument 0 with sequence number 3
2023-06-11 13:48:36,696 [INFO   ] [TRADER] received order book for instrument 1 with sequence number 3
2023-06-11 13:48:36,697 [INFO   ] [TRADER] received trade ticks for instrument 1 with sequence number 2
2023-06-11 13:48:36,938 [INFO   ] [TRADER] received order book for instrument 0 with sequence number 4
2023-06-11 13:48:36,938 [INFO   ] [TRADER] received order book for instrument 1 with sequence number 4
2023-06-11 13:48:37,196 [INFO   ] [TRADER] received order book for instrument 0 with sequence number 5
2023-06-11 13:48:37,196 [INFO   ] [TRADER] received order book for instrument 1 with sequence number 5
2023-06-11 13:48:37,196 [INFO   ] [TRADER] received trade ticks for instrument 1 with sequence number 3
2023-06-11 13:48:37,453 [INFO   ] [TRADER] received order book for instrument 0 with sequence number 6
2023-06-11 13:48:37,453 [INFO   ] [TRADER] received order book for instrument 1 with sequence number 6
2023-06-11 13:48:37,457 [INFO   ] [TRADER] received trade ticks for instrument 1 with sequence number 4
2023-06-11 13:48:37,688 [INFO   ] [TRADER] received order book for instrument 0 with sequence number 7
2023-06-11 13:48:37,688 [INFO   ] [TRADER] received order book for instrument 1 with sequence number 7
2023-06-11 13:48:37,689 [INFO   ] [TRADER] received trade ticks for instrument 0 with sequence number 3
2023-06-11 13:48:37,689 [INFO   ] [TRADER] received trade ticks for instrument 1 with sequence number 5
2023-06-11 13:48:37,949 [INFO   ] [TRADER] received order book for instrument 0 with sequence number 8
2023-06-11 13:48:37,949 [INFO   ] [TRADER] received order book for instrument 1 with sequence number 8
2023-06-11 13:48:38,213 [INFO   ] [TRADER] received order book for instrument 0 with sequence number 9
2023-06-11 13:48:38,213 [INFO   ] [TRADER] received order book for instrument 1 with sequence number 9
2023-06-11 13:48:38,213 [INFO   ] [TRADER] received trade ticks for instrument 0 with sequence number 4
2023-06-11 13:48:38,214 [INFO   ] [TRADER] received trade ticks for instrument 1 with sequence number 6
2023-06-11 13:48:38,450 [INFO   ] [TRADER] received order book for instrument 0 with sequence number 10
2023-06-11 13:48:38,450 [INFO   ] [TRADER] received order book for instrument 1 with sequence number 10
2023-06-11 13:48:38,450 [INFO   ] [TRADER] received trade ticks for instrument 1 with sequence number 7
2023-06-11 13:48:38,713 [INFO   ] [TRADER] received order book for instrument 0 with sequence number 11
2023-06-11 13:48:38,713 [INFO   ] [TRADER] received order book for instrument 1 with sequence number 11
2023-06-11 13:48:38,715 [INFO   ] [TRADER] received trade ticks for instrument 1 with sequence number 8
2023-06-11 13:48:38,955 [INFO   ] [TRADER] received order book for instrument 0 with sequence number 12
2023-06-11 13:48:38,956 [INFO   ] [TRADER] received order book for instrument 1 with sequence number 12
2023-06-11 13:48:38,956 [INFO   ] [TRADER] received trade ticks for instrument 1 with sequence number 9
2023-06-11 13:48:38,957 [INFO   ] [TRADER] received trade ticks for instrument 1 with sequence number 10
2023-06-11 13:48:39,208 [INFO   ] [TRADER] received order book for instrument 0 with sequence number 13
2023-06-11 13:48:39,208 [INFO   ] [TRADER] received order book for instrument 1 with sequence number 13
2023-06-11 13:48:39,208 [INFO   ] [TRADER] received trade ticks for instrument 0 with sequence number 5
2023-06-11 13:48:39,213 [INFO   ] [TRADER] received trade ticks for instrument 1 with sequence number 11
2023-06-11 13:48:39,449 [INFO   ] [TRADER] received order book for instrument 0 with sequence number 14
2023-06-11 13:48:39,450 [INFO   ] [TRADER] received order book for instrument 1 with sequence number 14
2023-06-11 13:48:39,450 [INFO   ] [TRADER] received trade ticks for instrument 0 with sequence number 6
2023-06-11 13:48:39,702 [INFO   ] [TRADER] received order book for instrument 0 with sequence number 15
2023-06-11 13:48:39,702 [INFO   ] [TRADER] received order book for instrument 1 with sequence number 15
2023-06-11 13:48:39,704 [INFO   ] [TRADER] received trade ticks for instrument 1 with sequence number 12
2023-06-11 13:48:39,962 [INFO   ] [TRADER] received order book for instrument 0 with sequence number 16
2023-06-11 13:48:39,963 [INFO   ] [TRADER] received order book for instrument 1 with sequence number 16
2023-06-11 13:48:39,965 [INFO   ] [TRADER] received trade ticks for instrument 1 with sequence number 13
2023-06-11 13:48:40,196 [INFO   ] [TRADER] received order book for instrument 0 with sequence number 17
2023-06-11 13:48:40,196 [INFO   ] [TRADER] received order book for instrument 1 with sequence number 17
2023-06-11 13:48:40,197 [INFO   ] [TRADER] received trade ticks for instrument 0 with sequence number 7
2023-06-11 13:48:40,198 [INFO   ] [TRADER] received trade ticks for instrument 1 with sequence number 14
2023-06-11 13:48:40,460 [INFO   ] [TRADER] received order book for instrument 0 with sequence number 18
2023-06-11 13:48:40,460 [INFO   ] [TRADER] received order book for instrument 1 with sequence number 18
2023-06-11 13:48:40,460 [INFO   ] [TRADER] received trade ticks for instrument 1 with sequence number 15
2023-06-11 13:48:40,460 [INFO   ] [TRADER] received trade ticks for instrument 0 with sequence number 8
2023-06-11 13:48:40,688 [INFO   ] [TRADER] received order book for instrument 0 with sequence number 19
2023-06-11 13:48:40,688 [INFO   ] [TRADER] received order book for instrument 1 with sequence number 19
2023-06-11 13:48:40,689 [INFO   ] [TRADER] received trade ticks for instrument 1 with sequence number 16
2023-06-11 13:48:40,952 [INFO   ] [TRADER] received order book for instrument 0 with sequence number 20
2023-06-11 13:48:40,952 [INFO   ] [TRADER] received order book for instrument 1 with sequence number 20
2023-06-11 13:48:40,952 [INFO   ] [TRADER] received trade ticks for instrument 1 with sequence number 17
2023-06-11 13:48:41,212 [INFO   ] [TRADER] received order book for instrument 0 with sequence number 21
2023-06-11 13:48:41,212 [INFO   ] [TRADER] received order book for instrument 1 with sequence number 21
2023-06-11 13:48:41,213 [INFO   ] [TRADER] received trade ticks for instrument 1 with sequence number 18
2023-06-11 13:49:36,143 [INFO   ] [APP] autotrader3 started with arguments={rtg.py, run, autotrader2.py, autotrader3.py}
2023-06-11 13:49:36,143 [INFO   ] [APP] configuration={"Execution":{"Host":"127.0.0.1","Port":12345},"Information":{"Type":"mmap","Name":"info.dat"},"TeamName":"Autotrader 3","Secret":"secret"}
2023-06-11 13:49:36,145 [INFO   ] [CONNECTION] fd=724 connection established: peer=127.0.0.1:12345
2023-06-11 13:49:41,131 [INFO   ] [TRADER] received order book for instrument 0 with sequence number 1
2023-06-11 13:49:41,131 [INFO   ] [TRADER] received order book for instrument 1 with sequence number 1
2023-06-11 13:49:41,412 [INFO   ] [TRADER] received order book for instrument 0 with sequence number 2
2023-06-11 13:49:41,413 [INFO   ] [TRADER] received order book for instrument 1 with sequence number 2
2023-06-11 13:49:41,413 [INFO   ] [TRADER] received trade ticks for instrument 0 with sequence number 2
2023-06-11 13:49:41,657 [INFO   ] [TRADER] received order book for instrument 0 with sequence number 3
2023-06-11 13:49:41,657 [INFO   ] [TRADER] received order book for instrument 1 with sequence number 3
2023-06-11 13:49:41,658 [INFO   ] [TRADER] received trade ticks for instrument 1 with sequence number 2
2023-06-11 13:49:41,884 [INFO   ] [TRADER] received order book for instrument 0 with sequence number 4
2023-06-11 13:49:41,885 [INFO   ] [TRADER] received order book for instrument 1 with sequence number 4
2023-06-11 13:49:41,886 [INFO   ] [TRADER] received trade ticks for instrument 1 with sequence number 3
2023-06-11 13:49:42,160 [INFO   ] [TRADER] received order book for instrument 0 with sequence number 5
2023-06-11 13:49:42,161 [INFO   ] [TRADER] received order book for instrument 1 with sequence number 5
2023-06-11 13:49:42,161 [INFO   ] [TRADER] received trade ticks for instrument 1 with sequence number 4
2023-06-11 13:49:42,410 [INFO   ] [TRADER] received order book for instrument 0 with sequence number 6
2023-06-11 13:49:42,411 [INFO   ] [TRADER] received order book for instrument 1 with sequence number 6
2023-06-11 13:49:42,413 [INFO   ] [TRADER] received trade ticks for instrument 1 with sequence number 5
2023-06-11 13:49:42,647 [INFO   ] [TRADER] received order book for instrument 0 with sequence number 7
2023-06-11 13:49:42,647 [INFO   ] [TRADER] received order book for instrument 1 with sequence number 7
2023-06-11 13:49:42,647 [INFO   ] [TRADER] received trade ticks for instrument 0 with sequence number 3
2023-06-11 13:49:42,648 [INFO   ] [TRADER] received trade ticks for instrument 1 with sequence number 6
2023-06-11 13:49:42,895 [INFO   ] [TRADER] received order book for instrument 0 with sequence number 8
2023-06-11 13:49:42,895 [INFO   ] [TRADER] received order book for instrument 1 with sequence number 8
2023-06-11 13:49:42,897 [INFO   ] [TRADER] received trade ticks for instrument 1 with sequence number 7
2023-06-11 13:49:43,155 [INFO   ] [TRADER] received order book for instrument 0 with sequence number 9
2023-06-11 13:49:43,157 [INFO   ] [TRADER] received order book for instrument 1 with sequence number 9
2023-06-11 13:49:43,157 [INFO   ] [TRADER] received trade ticks for instrument 0 with sequence number 4
2023-06-11 13:49:43,160 [INFO   ] [TRADER] received trade ticks for instrument 1 with sequence number 8
2023-06-11 13:49:43,395 [INFO   ] [TRADER] received order book for instrument 0 with sequence number 10
2023-06-11 13:49:43,395 [INFO   ] [TRADER] received order book for instrument 1 with sequence number 10
2023-06-11 13:49:43,395 [INFO   ] [TRADER] received trade ticks for instrument 1 with sequence number 9
2023-06-11 13:49:43,396 [INFO   ] [TRADER] received trade ticks for instrument 1 with sequence number 10
2023-06-11 13:49:43,658 [INFO   ] [TRADER] received order book for instrument 0 with sequence number 11
2023-06-11 13:49:43,658 [INFO   ] [TRADER] received order book for instrument 1 with sequence number 11
2023-06-11 13:49:43,661 [INFO   ] [TRADER] received trade ticks for instrument 1 with sequence number 11
2023-06-11 13:49:43,899 [INFO   ] [TRADER] received order book for instrument 0 with sequence number 12
2023-06-11 13:49:43,899 [INFO   ] [TRADER] received order book for instrument 1 with sequence number 12
2023-06-11 13:49:43,899 [INFO   ] [TRADER] received trade ticks for instrument 1 with sequence number 12
2023-06-11 13:49:43,901 [INFO   ] [TRADER] received trade ticks for instrument 1 with sequence number 13
2023-06-11 13:49:44,167 [INFO   ] [TRADER] received order book for instrument 0 with sequence number 13
2023-06-11 13:49:44,167 [INFO   ] [TRADER] received order book for instrument 1 with sequence number 13
2023-06-11 13:49:44,167 [INFO   ] [TRADER] received trade ticks for instrument 1 with sequence number 14
2023-06-11 13:49:44,167 [INFO   ] [TRADER] received trade ticks for instrument 0 with sequence number 5
2023-06-11 13:49:44,412 [INFO   ] [TRADER] received order book for instrument 0 with sequence number 14
2023-06-11 13:49:44,412 [INFO   ] [TRADER] received order book for instrument 1 with sequence number 14
2023-06-11 13:49:44,412 [INFO   ] [TRADER] received trade ticks for instrument 0 with sequence number 6
2023-06-11 13:49:44,648 [INFO   ] [TRADER] received order book for instrument 0 with sequence number 15
2023-06-11 13:49:44,648 [INFO   ] [TRADER] received order book for instrument 1 with sequence number 15
2023-06-11 13:49:44,910 [INFO   ] [TRADER] received order book for instrument 0 with sequence number 16
2023-06-11 13:49:44,910 [INFO   ] [TRADER] received order book for instrument 1 with sequence number 16
2023-06-11 13:49:44,912 [INFO   ] [TRADER] received trade ticks for instrument 1 with sequence number 15
2023-06-11 13:49:45,149 [INFO   ] [TRADER] received order book for instrument 0 with sequence number 17
2023-06-11 13:49:45,149 [INFO   ] [TRADER] received order book for instrument 1 with sequence number 17
2023-06-11 13:49:45,149 [INFO   ] [TRADER] received trade ticks for instrument 0 with sequence number 7
2023-06-11 13:49:45,150 [INFO   ] [TRADER] received trade ticks for instrument 1 with sequence number 16
2023-06-11 13:49:45,398 [INFO   ] [TRADER] received order book for instrument 0 with sequence number 18
2023-06-11 13:49:45,399 [INFO   ] [TRADER] received order book for instrument 1 with sequence number 18
2023-06-11 13:49:45,399 [INFO   ] [TRADER] received trade ticks for instrument 1 with sequence number 17
2023-06-11 13:49:45,399 [INFO   ] [TRADER] received trade ticks for instrument 0 with sequence number 8
2023-06-11 13:49:45,399 [INFO   ] [TRADER] received trade ticks for instrument 1 with sequence number 18
2023-06-11 13:49:45,645 [INFO   ] [TRADER] received order book for instrument 0 with sequence number 19
2023-06-11 13:49:45,645 [INFO   ] [TRADER] received order book for instrument 1 with sequence number 19
2023-06-11 13:49:45,646 [INFO   ] [TRADER] received trade ticks for instrument 1 with sequence number 19
2023-06-11 13:49:45,891 [INFO   ] [TRADER] received order book for instrument 0 with sequence number 20
2023-06-11 13:49:45,891 [INFO   ] [TRADER] received order book for instrument 1 with sequence number 20
2023-06-11 13:49:45,891 [INFO   ] [TRADER] received trade ticks for instrument 1 with sequence number 20
2023-06-11 13:49:45,892 [INFO   ] [TRADER] received trade ticks for instrument 1 with sequence number 21
2023-06-11 13:49:46,151 [INFO   ] [TRADER] received order book for instrument 0 with sequence number 21
2023-06-11 13:49:46,152 [INFO   ] [TRADER] received order book for instrument 1 with sequence number 21
2023-06-11 13:49:46,154 [INFO   ] [TRADER] received trade ticks for instrument 1 with sequence number 22
2023-06-11 13:49:46,410 [INFO   ] [TRADER] received order book for instrument 0 with sequence number 22
2023-06-11 13:49:46,410 [INFO   ] [TRADER] received order book for instrument 1 with sequence number 22
2023-06-11 13:49:46,410 [INFO   ] [TRADER] received trade ticks for instrument 0 with sequence number 9
2023-06-11 13:49:46,410 [INFO   ] [TRADER] received trade ticks for instrument 1 with sequence number 23
2023-06-11 13:49:46,411 [INFO   ] [TRADER] received trade ticks for instrument 1 with sequence number 24
2023-06-11 13:49:46,411 [INFO   ] [TRADER] received trade ticks for instrument 1 with sequence number 25
2023-06-11 13:49:46,646 [INFO   ] [TRADER] received order book for instrument 0 with sequence number 23
2023-06-11 13:49:46,647 [INFO   ] [TRADER] received order book for instrument 1 with sequence number 23
2023-06-11 13:49:46,647 [INFO   ] [TRADER] received trade ticks for instrument 0 with sequence number 10
2023-06-11 13:49:46,649 [INFO   ] [TRADER] received trade ticks for instrument 1 with sequence number 26
2023-06-11 13:49:46,898 [INFO   ] [TRADER] received order book for instrument 0 with sequence number 24
2023-06-11 13:49:46,898 [INFO   ] [TRADER] received order book for instrument 1 with sequence number 24
2023-06-11 13:49:46,898 [INFO   ] [TRADER] received trade ticks for instrument 1 with sequence number 27
2023-06-11 13:49:46,899 [INFO   ] [TRADER] received trade ticks for instrument 1 with sequence number 28
2023-06-11 13:49:47,154 [INFO   ] [TRADER] received order book for instrument 0 with sequence number 25
2023-06-11 13:49:47,154 [INFO   ] [TRADER] received order book for instrument 1 with sequence number 25
2023-06-11 13:49:47,157 [INFO   ] [TRADER] received trade ticks for instrument 1 with sequence number 29
2023-06-11 13:49:47,413 [INFO   ] [TRADER] received order book for instrument 0 with sequence number 26
2023-06-11 13:49:47,413 [INFO   ] [TRADER] received order book for instrument 1 with sequence number 26
2023-06-11 13:49:47,413 [INFO   ] [TRADER] received trade ticks for instrument 0 with sequence number 11
2023-06-11 13:49:47,644 [INFO   ] [TRADER] received order book for instrument 0 with sequence number 27
2023-06-11 13:49:47,644 [INFO   ] [TRADER] received order book for instrument 1 with sequence number 27
2023-06-11 13:49:47,644 [INFO   ] [TRADER] received trade ticks for instrument 0 with sequence number 12
2023-06-11 13:49:47,647 [INFO   ] [TRADER] received trade ticks for instrument 1 with sequence number 30
2023-06-11 13:49:47,893 [INFO   ] [TRADER] received order book for instrument 0 with sequence number 28
2023-06-11 13:49:47,893 [INFO   ] [TRADER] received order book for instrument 1 with sequence number 28
2023-06-11 13:49:47,894 [INFO   ] [TRADER] received trade ticks for instrument 1 with sequence number 31
2023-06-11 13:49:48,142 [INFO   ] [TRADER] received order book for instrument 0 with sequence number 29
2023-06-11 13:49:48,142 [INFO   ] [TRADER] received order book for instrument 1 with sequence number 29
2023-06-11 13:49:48,391 [INFO   ] [TRADER] received order book for instrument 0 with sequence number 30
2023-06-11 13:49:48,391 [INFO   ] [TRADER] received order book for instrument 1 with sequence number 30
2023-06-11 13:49:48,393 [INFO   ] [TRADER] received trade ticks for instrument 1 with sequence number 32
2023-06-11 13:49:48,663 [INFO   ] [TRADER] received order book for instrument 0 with sequence number 31
2023-06-11 13:49:48,664 [INFO   ] [TRADER] received order book for instrument 1 with sequence number 31
2023-06-11 13:49:48,664 [INFO   ] [TRADER] received trade ticks for instrument 0 with sequence number 13
2023-06-11 13:49:48,665 [INFO   ] [TRADER] received trade ticks for instrument 1 with sequence number 33
2023-06-11 13:49:48,904 [INFO   ] [TRADER] received order book for instrument 0 with sequence number 32
2023-06-11 13:49:48,905 [INFO   ] [TRADER] received order book for instrument 1 with sequence number 32
2023-06-11 13:49:48,905 [INFO   ] [TRADER] received trade ticks for instrument 0 with sequence number 14
2023-06-11 13:49:48,905 [INFO   ] [TRADER] received trade ticks for instrument 1 with sequence number 34
2023-06-11 13:49:49,148 [INFO   ] [TRADER] received order book for instrument 0 with sequence number 33
2023-06-11 13:49:49,149 [INFO   ] [TRADER] received order book for instrument 1 with sequence number 33
2023-06-11 13:49:49,149 [INFO   ] [TRADER] received trade ticks for instrument 0 with sequence number 15
2023-06-11 13:49:49,149 [INFO   ] [TRADER] received trade ticks for instrument 1 with sequence number 35
2023-06-11 13:49:49,407 [INFO   ] [TRADER] received order book for instrument 0 with sequence number 34
2023-06-11 13:49:49,407 [INFO   ] [TRADER] received order book for instrument 1 with sequence number 34
2023-06-11 13:49:49,407 [INFO   ] [TRADER] received trade ticks for instrument 0 with sequence number 16
2023-06-11 13:49:49,659 [INFO   ] [TRADER] received order book for instrument 0 with sequence number 35
2023-06-11 13:49:49,659 [INFO   ] [TRADER] received order book for instrument 1 with sequence number 35
2023-06-11 13:49:49,890 [INFO   ] [TRADER] received order book for instrument 0 with sequence number 36
2023-06-11 13:49:49,890 [INFO   ] [TRADER] received order book for instrument 1 with sequence number 36
2023-06-11 13:49:50,160 [INFO   ] [TRADER] received order book for instrument 0 with sequence number 37
2023-06-11 13:49:50,160 [INFO   ] [TRADER] received order book for instrument 1 with sequence number 37
2023-06-11 13:49:50,394 [INFO   ] [TRADER] received order book for instrument 0 with sequence number 38
2023-06-11 13:49:50,394 [INFO   ] [TRADER] received order book for instrument 1 with sequence number 38
2023-06-11 13:49:50,394 [INFO   ] [TRADER] received trade ticks for instrument 0 with sequence number 17
2023-06-11 13:49:50,653 [INFO   ] [TRADER] received order book for instrument 0 with sequence number 39
2023-06-11 13:49:50,653 [INFO   ] [TRADER] received order book for instrument 1 with sequence number 39
2023-06-11 13:49:50,653 [INFO   ] [TRADER] received trade ticks for instrument 0 with sequence number 18
2023-06-11 13:49:50,656 [INFO   ] [TRADER] received trade ticks for instrument 1 with sequence number 36
2023-06-11 13:49:50,923 [INFO   ] [TRADER] received order book for instrument 0 with sequence number 40
2023-06-11 13:49:50,923 [INFO   ] [TRADER] received order book for instrument 1 with sequence number 40
2023-06-11 13:49:50,923 [INFO   ] [TRADER] received trade ticks for instrument 1 with sequence number 37
2023-06-11 13:49:51,142 [INFO   ] [TRADER] received order book for instrument 0 with sequence number 41
2023-06-11 13:49:51,142 [INFO   ] [TRADER] received order book for instrument 1 with sequence number 41
2023-06-11 13:49:51,142 [INFO   ] [TRADER] received trade ticks for instrument 1 with sequence number 38
2023-06-11 13:49:51,406 [INFO   ] [TRADER] received order book for instrument 0 with sequence number 42
2023-06-11 13:49:51,406 [INFO   ] [TRADER] received order book for instrument 1 with sequence number 42
2023-06-11 13:49:51,668 [INFO   ] [TRADER] received order book for instrument 0 with sequence number 43
2023-06-11 13:49:51,669 [INFO   ] [TRADER] received order book for instrument 1 with sequence number 43
2023-06-11 13:49:51,669 [INFO   ] [TRADER] received trade ticks for instrument 0 with sequence number 19
2023-06-11 13:49:51,669 [INFO   ] [TRADER] received trade ticks for instrument 1 with sequence number 39
2023-06-11 13:49:51,902 [INFO   ] [TRADER] received order book for instrument 0 with sequence number 44
2023-06-11 13:49:51,903 [INFO   ] [TRADER] received order book for instrument 1 with sequence number 44
2023-06-11 13:49:52,158 [INFO   ] [TRADER] received order book for instrument 0 with sequence number 45
2023-06-11 13:49:52,159 [INFO   ] [TRADER] received order book for instrument 1 with sequence number 45
2023-06-11 13:49:52,161 [INFO   ] [TRADER] received trade ticks for instrument 1 with sequence number 40
2023-06-11 13:49:52,394 [INFO   ] [TRADER] received order book for instrument 0 with sequence number 46
2023-06-11 13:49:52,394 [INFO   ] [TRADER] received order book for instrument 1 with sequence number 46
2023-06-11 13:49:52,645 [INFO   ] [TRADER] received order book for instrument 0 with sequence number 47
2023-06-11 13:49:52,645 [INFO   ] [TRADER] received order book for instrument 1 with sequence number 47
2023-06-11 13:49:52,645 [INFO   ] [TRADER] received trade ticks for instrument 0 with sequence number 20
2023-06-11 13:49:52,888 [INFO   ] [TRADER] received order book for instrument 0 with sequence number 48
2023-06-11 13:49:52,888 [INFO   ] [TRADER] received order book for instrument 1 with sequence number 48
2023-06-11 13:49:53,153 [INFO   ] [TRADER] received order book for instrument 0 with sequence number 49
2023-06-11 13:49:53,153 [INFO   ] [TRADER] received order book for instrument 1 with sequence number 49
2023-06-11 13:49:53,154 [INFO   ] [TRADER] received trade ticks for instrument 1 with sequence number 41
2023-06-11 13:49:53,401 [INFO   ] [TRADER] received order book for instrument 0 with sequence number 50
2023-06-11 13:49:53,401 [INFO   ] [TRADER] received order book for instrument 1 with sequence number 50
2023-06-11 13:49:53,402 [INFO   ] [TRADER] received trade ticks for instrument 1 with sequence number 42
2023-06-11 13:49:53,646 [INFO   ] [TRADER] received order book for instrument 0 with sequence number 51
2023-06-11 13:49:53,647 [INFO   ] [TRADER] received order book for instrument 1 with sequence number 51
2023-06-11 13:49:53,894 [INFO   ] [TRADER] received order book for instrument 0 with sequence number 52
2023-06-11 13:49:53,894 [INFO   ] [TRADER] received order book for instrument 1 with sequence number 52
2023-06-11 13:49:53,894 [INFO   ] [TRADER] received trade ticks for instrument 1 with sequence number 43
2023-06-11 13:49:54,148 [INFO   ] [TRADER] received order book for instrument 0 with sequence number 53
2023-06-11 13:49:54,149 [INFO   ] [TRADER] received order book for instrument 1 with sequence number 53
2023-06-11 13:49:54,149 [INFO   ] [TRADER] received trade ticks for instrument 1 with sequence number 44
2023-06-11 13:49:54,149 [INFO   ] [TRADER] received trade ticks for instrument 0 with sequence number 21
2023-06-11 13:49:54,149 [INFO   ] [TRADER] received trade ticks for instrument 1 with sequence number 45
2023-06-11 13:49:54,400 [INFO   ] [TRADER] received order book for instrument 0 with sequence number 54
2023-06-11 13:49:54,400 [INFO   ] [TRADER] received order book for instrument 1 with sequence number 54
2023-06-11 13:49:54,400 [INFO   ] [TRADER] received trade ticks for instrument 1 with sequence number 46
2023-06-11 13:49:54,646 [INFO   ] [TRADER] received order book for instrument 0 with sequence number 55
2023-06-11 13:49:54,647 [INFO   ] [TRADER] received order book for instrument 1 with sequence number 55
